<?xml version="1.0" encoding="UTF-8"?>
<!-- Generated by org.testng.reporters.JUnitReportReporter -->
<testsuite hostname="DESKTOP-I2Q0NO0" failures="0" tests="5" name="tests.LoginTest" time="3.051" errors="0" timestamp="2022-02-17T15:21:26 EET" skipped="0">
  <testcase classname="tests.LoginTest" name="Login_To_Website_Using_Valid_Data" time="0.737"/>
  <system-out/>
  <testcase classname="tests.LoginTest" name="Sort_lowest_price" time="0.492"/>
  <system-out/>
  <testcase classname="tests.LoginTest" name="Adding_product_to_cart_and_open_the_cart" time="0.187"/>
  <system-out/>
  <testcase classname="tests.LoginTest" name="Add_required_data_in_your_information_screen" time="1.421"/>
  <system-out/>
  <testcase classname="tests.LoginTest" name="Complete_checkout_process" time="0.214"/>
  <system-out/>
</testsuite> <!-- tests.LoginTest -->
