<?xml version="1.0" encoding="UTF-8"?>
<!-- Generated by org.testng.reporters.JUnitReportReporter -->
<testsuite hostname="LAPTOP-M5H01P5S" failures="0" tests="5" name="tests.ProcessCheckoutTest" time="0.575" errors="0" timestamp="2022-02-17T19:51:18 EET" skipped="0">
  <testcase classname="tests.ProcessCheckoutTest" name="Login_To_Website_Using_Valid_Data" time="0.169"/>
  <system-out/>
  <testcase classname="tests.ProcessCheckoutTest" name="Sort_lowest_price" time="0.067"/>
  <system-out/>
  <testcase classname="tests.ProcessCheckoutTest" name="Adding_product_to_cart_and_open_the_cart" time="0.073"/>
  <system-out/>
  <testcase classname="tests.ProcessCheckoutTest" name="Add_required_data_in_your_information_screen" time="0.212"/>
  <system-out/>
  <testcase classname="tests.ProcessCheckoutTest" name="Complete_checkout_process" time="0.054"/>
  <system-out/>
</testsuite> <!-- tests.ProcessCheckoutTest -->
